2026/07/21 18:06:42 ================================== Registered students
2026/07/21 18:06:42 Briar Zaragoza briar.zaragoza@example.edu
2026/07/21 18:06:42 Fable Pickering fable.pickering@example.edu
2026/07/21 18:06:42 Kit Bracken kit.bracken@example.edu
2026/07/21 18:06:42 Caelan Ibsen caelan.ibsen@example.edu
2026/07/21 18:06:42 Fern Abbott fern.abbott@example.edu
2026/07/21 18:06:42 Hollis Edgerton hollis.edgerton@example.edu
2026/07/21 18:06:42 Zara Nesbitt zara.nesbitt@example.edu
2026/07/21 18:06:42 Lane Galloway lane.galloway@example.edu
2026/07/21 18:06:42 Wesley Edgerton wesley.edgerton@example.edu
2026/07/21 18:06:42 Palmer Zimmerman palmer.zimmerman@example.edu
2026/07/21 18:06:42 Devon Bellweather devon.bellweather@example.edu
2026/07/21 18:06:42 Esme Wexford esme.wexford@example.edu
2026/07/21 18:06:42 Ford Merriweather ford.merriweather@example.edu
2026/07/21 18:06:42 Cameron Quimby cameron.quimby@example.edu
2026/07/21 18:06:42 Wesley Zeller wesley.zeller@example.edu
2026/07/21 18:06:42 Arden Vandermeer arden.vandermeer@example.edu
2026/07/21 18:06:42 Alex Underwood alex.underwood@example.edu
2026/07/21 18:06:42 Kit Dorsey kit.dorsey@example.edu
2026/07/21 18:06:42 Dakota Bellweather dakota.bellweather@example.edu
2026/07/21 18:06:42 Cody Ridgeway cody.ridgeway@example.edu
2026/07/21 18:06:42 Tobin Rothwell tobin.rothwell@example.edu
2026/07/21 18:06:42 Blake Lindqvist blake.lindqvist@example.edu
2026/07/21 18:06:42 Opal Granger opal.granger@example.edu
2026/07/21 18:06:42 Dov Ivanov dov.ivanov@example.edu
2026/07/21 18:06:42 Zephyr Kowalski zephyr.kowalski@example.edu
2026/07/21 18:06:42 Bodhi Pruitt bodhi.pruitt@example.edu
2026/07/21 18:06:42 Thea Selwyn thea.selwyn@example.edu
2026/07/21 18:06:42 Hale Granger hale.granger@example.edu
2026/07/21 18:06:42 Skyler Edgerton skyler.edgerton@example.edu
2026/07/21 18:06:42 Delaney Ostrander delaney.ostrander@example.edu
2026/07/21 18:06:42 Iris Nesbitt iris.nesbitt@example.edu
2026/07/21 18:06:42 Amari Zamora amari.zamora@example.edu
2026/07/21 18:06:42 Fern Grimsby fern.grimsby@example.edu
2026/07/21 18:06:42 Logan Quarles logan.quarles@example.edu
2026/07/21 18:06:42 Tanner Thackery tanner.thackery@example.edu
2026/07/21 18:06:42 Neve Castellano neve.castellano@example.edu
2026/07/21 18:06:42 Hollis Tanaka hollis.tanaka@example.edu
2026/07/21 18:06:42 Cameron Fitzgerald cameron.fitzgerald@example.edu
2026/07/21 18:06:42 Fable Wrenfield fable.wrenfield@example.edu
2026/07/21 18:06:42 Emerson Vandergrift emerson.vandergrift@example.edu
2026/07/21 18:06:42 Casey Lindqvist casey.lindqvist@example.edu
2026/07/21 18:06:42 Orion Whitfield orion.whitfield@example.edu
2026/07/21 18:06:42 Harper Underwood harper.underwood@example.edu
2026/07/21 18:06:42 Poe Doyle poe.doyle@example.edu
2026/07/21 18:06:42 Haven Pickering haven.pickering@example.edu
2026/07/21 18:06:42 Wesley Ellery wesley.ellery@example.edu
2026/07/21 18:06:42 Lior Selwyn lior.selwyn@example.edu
2026/07/21 18:06:42 Yara Ellery yara.ellery@example.edu
2026/07/21 18:06:42 Brix Nesbitt brix.nesbitt@example.edu
2026/07/21 18:06:42 Cass Dorsey cass.dorsey@example.edu
2026/07/21 18:06:42 Thea Tilden thea.tilden@example.edu
2026/07/21 18:06:42 Dov Northcott dov.northcott@example.edu
2026/07/21 18:06:42 Parker Westbrook parker.westbrook@example.edu
2026/07/21 18:06:42 Wynn Wrenfield wynn.wrenfield@example.edu
2026/07/21 18:06:42 Cameron Ivanov cameron.ivanov@example.edu
2026/07/21 18:06:42 Onyx Lockwood onyx.lockwood@example.edu
2026/07/21 18:06:42 Bodhi Ellingham bodhi.ellingham@example.edu
2026/07/21 18:06:42 Oakley Langford oakley.langford@example.edu
2026/07/21 18:06:42 Prin Larkspur prin.larkspur@example.edu
2026/07/21 18:06:42 Nico Dunmore nico.dunmore@example.edu
2026/07/21 18:06:42 Quill Caldwell quill.caldwell@example.edu
2026/07/21 18:06:42 Ollie Ito ollie.ito@example.edu
2026/07/21 18:06:42 Eden Wilcox eden.wilcox@example.edu
2026/07/21 18:06:42 Hale Gilchrist hale.gilchrist@example.edu
2026/07/21 18:06:42 Vale Sandoval vale.sandoval@example.edu
2026/07/21 18:06:42 Gale Grimsby gale.grimsby@example.edu
2026/07/21 18:06:42 Indigo Follett indigo.follett@example.edu
2026/07/21 18:06:42 Vin Fitzgerald vin.fitzgerald@example.edu
2026/07/21 18:06:42 Cass Novak cass.novak@example.edu
2026/07/21 18:06:42 Tatum Quillon tatum.quillon@example.edu
2026/07/21 18:06:42 Hana Zamora hana.zamora@example.edu
2026/07/21 18:06:42 Lumen Tremaine lumen.tremaine@example.edu
2026/07/21 18:06:42 Nell Marbury nell.marbury@example.edu
2026/07/21 18:06:42 Shiloh Nakamura shiloh.nakamura@example.edu
2026/07/21 18:06:42 Parker Vasquez parker.vasquez@example.edu
2026/07/21 18:06:42 Greer Vandermeer greer.vandermeer@example.edu
2026/07/21 18:06:42 Sol Ingram sol.ingram@example.edu
2026/07/21 18:06:42 Sasha Thackery sasha.thackery@example.edu
2026/07/21 18:06:42 Emerson Pruitt emerson.pruitt@example.edu
2026/07/21 18:06:42 Remy Ormsby remy.ormsby@example.edu
2026/07/21 18:06:42 Haven Bellweather haven.bellweather@example.edu
2026/07/21 18:06:42 Iris Ivanov iris.ivanov@example.edu
2026/07/21 18:06:42 Gio Ivanov gio.ivanov@example.edu
2026/07/21 18:06:42 Nox Cranfield nox.cranfield@example.edu
2026/07/21 18:06:42 Vin Underwood vin.underwood@example.edu
2026/07/21 18:06:42 Jules Zamora jules.zamora@example.edu
2026/07/21 18:06:42 Oakley Hawthorne oakley.hawthorne@example.edu
2026/07/21 18:06:42 Rory Nakamura rory.nakamura@example.edu
2026/07/21 18:06:42 Bellamy Ashby bellamy.ashby@example.edu
2026/07/21 18:06:42 Umi Mortimer umi.mortimer@example.edu
2026/07/21 18:06:42 Kai Nesbitt kai.nesbitt@example.edu
2026/07/21 18:06:42 Skyler Gilchrist skyler.gilchrist@example.edu
2026/07/21 18:06:42 Zara Quimby zara.quimby@example.edu
2026/07/21 18:06:42 Adrian Ellingham adrian.ellingham@example.edu
2026/07/21 18:06:42 River Lemoine river.lemoine@example.edu
2026/07/21 18:06:42 Noel Thornbury noel.thornbury@example.edu
2026/07/21 18:06:42 Sable Stroud sable.stroud@example.edu
2026/07/21 18:06:42 Ford Kingsley ford.kingsley@example.edu
2026/07/21 18:06:42 Maren Hemsworth maren.hemsworth@example.edu
2026/07/21 18:06:42 Gio Dorsey gio.dorsey@example.edu
2026/07/21 18:06:42 Zion Somerset zion.somerset@example.edu
2026/07/21 18:06:42 Nox Rutherford nox.rutherford@example.edu
2026/07/21 18:06:42 Cody Quintero cody.quintero@example.edu
2026/07/21 18:06:42 Opal Thackery opal.thackery@example.edu
2026/07/21 18:06:42 Rune Hemsworth rune.hemsworth@example.edu
2026/07/21 18:06:42 Hollis Kirkpatrick hollis.kirkpatrick@example.edu
2026/07/21 18:06:42 Rory Zaragoza rory.zaragoza@example.edu
2026/07/21 18:06:42 Denver Danforth denver.danforth@example.edu
2026/07/21 18:06:42 Linden Larkspur linden.larkspur@example.edu
2026/07/21 18:06:42 Kai Umberto kai.umberto@example.edu
2026/07/21 18:06:42 Gio Stroud gio.stroud@example.edu
2026/07/21 18:06:42 Onyx Gilchrist onyx.gilchrist@example.edu
2026/07/21 18:06:42 Rory Zimmerman rory.zimmerman@example.edu
2026/07/21 18:06:42 Quinn Prescott quinn.prescott@example.edu
2026/07/21 18:06:42 Blake Thornbury blake.thornbury@example.edu
2026/07/21 18:06:42 Ollie Hollingsworth ollie.hollingsworth@example.edu
2026/07/21 18:06:42 River Cranfield river.cranfield@example.edu
2026/07/21 18:06:42 Umi Grimsby umi.grimsby@example.edu
2026/07/21 18:06:42 Remy Fitzgerald remy.fitzgerald@example.edu
2026/07/21 18:06:42 Rune Hollingsworth rune.hollingsworth@example.edu
2026/07/21 18:06:42 Tatum Bracken tatum.bracken@example.edu
2026/07/21 18:06:42 Shiloh Ellingham shiloh.ellingham@example.edu
2026/07/21 18:06:42 Shiloh Quarles shiloh.quarles@example.edu
2026/07/21 18:06:42 Jesse Castellano jesse.castellano@example.edu
2026/07/21 18:06:42 Denver Jorgensen denver.jorgensen@example.edu
2026/07/21 18:06:42 Echo Harrowgate echo.harrowgate@example.edu
2026/07/21 18:06:42 Fable Quintanilla fable.quintanilla@example.edu
2026/07/21 18:06:42 Caelan Novak caelan.novak@example.edu
2026/07/21 18:06:42 Remy Hemsworth remy.hemsworth@example.edu
2026/07/21 18:06:42 Denver Chandler denver.chandler@example.edu
2026/07/21 18:06:42 Casey Quintanilla casey.quintanilla@example.edu
2026/07/21 18:06:42 Vera Jessup vera.jessup@example.edu
2026/07/21 18:06:42 Winter Selwyn winter.selwyn@example.edu
2026/07/21 18:06:42 Nova Halloway nova.halloway@example.edu
2026/07/21 18:06:42 Reagan Fairbanks reagan.fairbanks@example.edu
2026/07/21 18:06:42 Ember Upshaw ember.upshaw@example.edu
2026/07/21 18:06:42 Ollie Ulster ollie.ulster@example.edu
2026/07/21 18:06:42 Avery Lockwood avery.lockwood@example.edu
2026/07/21 18:06:42 Yara Rutherford yara.rutherford@example.edu
2026/07/21 18:06:42 Adrian Ibsen adrian.ibsen@example.edu
2026/07/21 18:06:42 Jamie Alderton jamie.alderton@example.edu
2026/07/21 18:06:42 Odin Wexford odin.wexford@example.edu
2026/07/21 18:06:42 Lior Wrenfield lior.wrenfield@example.edu
2026/07/21 18:06:42 Opal Vasquez opal.vasquez@example.edu
2026/07/21 18:06:42 Lumen Brightwater lumen.brightwater@example.edu
2026/07/21 18:06:42 Wynn Ellingham wynn.ellingham@example.edu
2026/07/21 18:06:42 Keaton Oakhurst keaton.oakhurst@example.edu
2026/07/21 18:06:42 Cyan Ashby cyan.ashby@example.edu
2026/07/21 18:06:42 Dune Vandergrift dune.vandergrift@example.edu
2026/07/21 18:06:42 ================================== Registered requests
2026/07/21 18:06:42 BOR [briar.zaragoza@example.edu fable.pickering@example.edu]
2026/07/21 18:06:42 BMOR [kit.bracken@example.edu caelan.ibsen@example.edu fern.abbott@example.edu]
2026/07/21 18:06:42 EIB [hollis.edgerton@example.edu zara.nesbitt@example.edu lane.galloway@example.edu]
2026/07/21 18:06:42 BMOR [caelan.ibsen@example.edu kit.bracken@example.edu fern.abbott@example.edu]
2026/07/21 18:06:42 IBP [wesley.edgerton@example.edu palmer.zimmerman@example.edu]
2026/07/21 18:06:42 ESB [devon.bellweather@example.edu esme.wexford@example.edu]
2026/07/21 18:06:42 ESB [esme.wexford@example.edu devon.bellweather@example.edu]
2026/07/21 18:06:42 PMBS [ford.merriweather@example.edu cameron.quimby@example.edu]
2026/07/21 18:06:42 EIB [lane.galloway@example.edu zara.nesbitt@example.edu hollis.edgerton@example.edu]
2026/07/21 18:06:42 IMCE [wesley.zeller@example.edu]
2026/07/21 18:06:42 IMCP [arden.vandermeer@example.edu alex.underwood@example.edu kit.dorsey@example.edu]
2026/07/21 18:06:42 BMOR [dakota.bellweather@example.edu cody.ridgeway@example.edu]
2026/07/21 18:06:42 IMCE [tobin.rothwell@example.edu]
2026/07/21 18:06:42 BMOR [blake.lindqvist@example.edu opal.granger@example.edu]
2026/07/21 18:06:42 IMCP [kit.dorsey@example.edu arden.vandermeer@example.edu alex.underwood@example.edu]
2026/07/21 18:06:42 IMCP [alex.underwood@example.edu arden.vandermeer@example.edu kit.dorsey@example.edu]
2026/07/21 18:06:42 EFB [dov.ivanov@example.edu zephyr.kowalski@example.edu]
2026/07/21 18:06:42 IBP [palmer.zimmerman@example.edu wesley.edgerton@example.edu]
2026/07/21 18:06:42 ESB [bodhi.pruitt@example.edu]
2026/07/21 18:06:42 ESB [thea.selwyn@example.edu hale.granger@example.edu]
2026/07/21 18:06:42 ESB [hale.granger@example.edu thea.selwyn@example.edu]
2026/07/21 18:06:42 PSE [skyler.edgerton@example.edu]
2026/07/21 18:06:42 HTPS [delaney.ostrander@example.edu]
2026/07/21 18:06:42 EFB [zephyr.kowalski@example.edu dov.ivanov@example.edu]
2026/07/21 18:06:42 HTOR [iris.nesbitt@example.edu]
2026/07/21 18:06:42 SEOR [amari.zamora@example.edu fern.grimsby@example.edu]
2026/07/21 18:06:42 IBP [logan.quarles@example.edu tanner.thackery@example.edu neve.castellano@example.edu]
2026/07/21 18:06:42 EFB [hollis.tanaka@example.edu cameron.fitzgerald@example.edu]
2026/07/21 18:06:42 IBP [neve.castellano@example.edu tanner.thackery@example.edu logan.quarles@example.edu]
2026/07/21 18:06:42 HTPS [fable.wrenfield@example.edu]
2026/07/21 18:06:42 IMCP [emerson.vandergrift@example.edu]
2026/07/21 18:06:42 ESB [casey.lindqvist@example.edu orion.whitfield@example.edu]
2026/07/21 18:06:42 ESB [orion.whitfield@example.edu casey.lindqvist@example.edu]
2026/07/21 18:06:42 EIP [harper.underwood@example.edu]
2026/07/21 18:06:42 BMOR [poe.doyle@example.edu haven.pickering@example.edu wesley.ellery@example.edu]
2026/07/21 18:06:42 IBP [tanner.thackery@example.edu neve.castellano@example.edu logan.quarles@example.edu]
2026/07/21 18:06:42 ESB [lior.selwyn@example.edu yara.ellery@example.edu]
2026/07/21 18:06:42 BOR [brix.nesbitt@example.edu cass.dorsey@example.edu]
2026/07/21 18:06:42 BMOR [wesley.ellery@example.edu haven.pickering@example.edu poe.doyle@example.edu]
2026/07/21 18:06:42 IMCE [thea.tilden@example.edu dov.northcott@example.edu]
2026/07/21 18:06:42 ESB [yara.ellery@example.edu lior.selwyn@example.edu]
2026/07/21 18:06:42 SEOR [fern.grimsby@example.edu amari.zamora@example.edu]
2026/07/21 18:06:42 BOR [fable.pickering@example.edu briar.zaragoza@example.edu]
2026/07/21 18:06:42 EIB [parker.westbrook@example.edu wynn.wrenfield@example.edu]
2026/07/21 18:06:42 BOR [cameron.ivanov@example.edu onyx.lockwood@example.edu]
2026/07/21 18:06:42 PSE [bodhi.ellingham@example.edu]
2026/07/21 18:06:42 EIP [oakley.langford@example.edu prin.larkspur@example.edu]
2026/07/21 18:06:42 EIP [nico.dunmore@example.edu]
2026/07/21 18:06:42 BMOR [haven.pickering@example.edu wesley.ellery@example.edu poe.doyle@example.edu]
2026/07/21 18:06:42 IMCS [quill.caldwell@example.edu]
2026/07/21 18:06:42 IBP [ollie.ito@example.edu tanner.thackery@example.edu neve.castellano@example.edu]
2026/07/21 18:06:42 BOR [cass.dorsey@example.edu brix.nesbitt@example.edu]
2026/07/21 18:06:42 BOR [onyx.lockwood@example.edu cameron.ivanov@example.edu]
2026/07/21 18:06:42 EIP [eden.wilcox@example.edu hale.gilchrist@example.edu vale.sandoval@example.edu]
2026/07/21 18:06:42 PSE [gale.grimsby@example.edu]
2026/07/21 18:06:42 BMOR [indigo.follett@example.edu vin.fitzgerald@example.edu]
2026/07/21 18:06:42 IMCP [cass.novak@example.edu]
2026/07/21 18:06:42 IBP [tatum.quillon@example.edu]
2026/07/21 18:06:42 SEOR [hana.zamora@example.edu]
2026/07/21 18:06:42 EIP [hale.gilchrist@example.edu eden.wilcox@example.edu vale.sandoval@example.edu]
2026/07/21 18:06:42 HTOR [lumen.tremaine@example.edu nell.marbury@example.edu]
2026/07/21 18:06:42 BMOR [shiloh.nakamura@example.edu parker.vasquez@example.edu]
2026/07/21 18:06:42 BMOR [parker.vasquez@example.edu shiloh.nakamura@example.edu]
2026/07/21 18:06:42 EIP [vale.sandoval@example.edu hale.gilchrist@example.edu eden.wilcox@example.edu]
2026/07/21 18:06:42 BOR [greer.vandermeer@example.edu sol.ingram@example.edu sasha.thackery@example.edu]
2026/07/21 18:06:42 IMCS [emerson.pruitt@example.edu remy.ormsby@example.edu haven.bellweather@example.edu]
2026/07/21 18:06:42 EIB [wynn.wrenfield@example.edu parker.westbrook@example.edu]
2026/07/21 18:06:42 IMCS [iris.ivanov@example.edu gio.ivanov@example.edu]
2026/07/21 18:06:42 BMOR [vin.fitzgerald@example.edu indigo.follett@example.edu]
2026/07/21 18:06:42 FOR [nox.cranfield@example.edu]
2026/07/21 18:06:42 IMCS [gio.ivanov@example.edu iris.ivanov@example.edu]
2026/07/21 18:06:42 IBP [vin.underwood@example.edu tanner.thackery@example.edu neve.castellano@example.edu]
2026/07/21 18:06:42 EIP [jules.zamora@example.edu oakley.hawthorne@example.edu rory.nakamura@example.edu]
2026/07/21 18:06:42 EIB [zara.nesbitt@example.edu lane.galloway@example.edu hollis.edgerton@example.edu]
2026/07/21 18:06:42 BOR [bellamy.ashby@example.edu umi.mortimer@example.edu]
2026/07/21 18:06:42 IMCP [kai.nesbitt@example.edu skyler.gilchrist@example.edu]
2026/07/21 18:06:42 IMCS [haven.bellweather@example.edu emerson.pruitt@example.edu remy.ormsby@example.edu]
2026/07/21 18:06:42 ESB [zara.quimby@example.edu adrian.ellingham@example.edu]
2026/07/21 18:06:42 SEOR [river.lemoine@example.edu noel.thornbury@example.edu sable.stroud@example.edu]
2026/07/21 18:06:42 BMOR [fern.abbott@example.edu caelan.ibsen@example.edu kit.bracken@example.edu]
2026/07/21 18:06:42 EFB [ford.kingsley@example.edu maren.hemsworth@example.edu]
2026/07/21 18:06:42 HTOR [gio.dorsey@example.edu zion.somerset@example.edu]
2026/07/21 18:06:42 ESB [adrian.ellingham@example.edu zara.quimby@example.edu]
2026/07/21 18:06:42 IMCS [remy.ormsby@example.edu emerson.pruitt@example.edu haven.bellweather@example.edu]
2026/07/21 18:06:42 BOR [sol.ingram@example.edu sasha.thackery@example.edu greer.vandermeer@example.edu]
2026/07/21 18:06:42 IMCP [skyler.gilchrist@example.edu kai.nesbitt@example.edu]
2026/07/21 18:06:42 BOR [nox.rutherford@example.edu cody.quintero@example.edu]
2026/07/21 18:06:42 BOR [umi.mortimer@example.edu bellamy.ashby@example.edu]
2026/07/21 18:06:42 HTOR [zion.somerset@example.edu gio.dorsey@example.edu]
2026/07/21 18:06:42 EFB [opal.thackery@example.edu rune.hemsworth@example.edu hollis.kirkpatrick@example.edu]
2026/07/21 18:06:42 HTOR [nell.marbury@example.edu lumen.tremaine@example.edu]
2026/07/21 18:06:42 ESB [rory.zaragoza@example.edu denver.danforth@example.edu linden.larkspur@example.edu]
2026/07/21 18:06:42 EIP [kai.umberto@example.edu]
2026/07/21 18:06:42 BOR [sasha.thackery@example.edu sol.ingram@example.edu greer.vandermeer@example.edu]
2026/07/21 18:06:42 EIP [gio.stroud@example.edu]
2026/07/21 18:06:42 SEOR [onyx.gilchrist@example.edu]
2026/07/21 18:06:42 PSE [rory.zimmerman@example.edu]
2026/07/21 18:06:42 IMCP [quinn.prescott@example.edu blake.thornbury@example.edu ollie.hollingsworth@example.edu]
2026/07/21 18:06:42 IMCS [river.cranfield@example.edu umi.grimsby@example.edu]
2026/07/21 18:06:42 IMCS [umi.grimsby@example.edu river.cranfield@example.edu]
2026/07/21 18:06:42 BOR [remy.fitzgerald@example.edu]
2026/07/21 18:06:42 IMCS [rune.hollingsworth@example.edu tatum.bracken@example.edu]
2026/07/21 18:06:42 BMOR [opal.granger@example.edu blake.lindqvist@example.edu]
2026/07/21 18:06:42 EFB [maren.hemsworth@example.edu ford.kingsley@example.edu]
2026/07/21 18:06:42 SEOR [sable.stroud@example.edu river.lemoine@example.edu noel.thornbury@example.edu]
2026/07/21 18:06:42 SEOR [shiloh.ellingham@example.edu shiloh.quarles@example.edu]
2026/07/21 18:06:42 FCE [jesse.castellano@example.edu]
2026/07/21 18:06:42 ESB [denver.danforth@example.edu rory.zaragoza@example.edu linden.larkspur@example.edu]
2026/07/21 18:06:42 ESB [denver.jorgensen@example.edu]
2026/07/21 18:06:42 BMOR [echo.harrowgate@example.edu]
2026/07/21 18:06:42 IMCS [tatum.bracken@example.edu rune.hollingsworth@example.edu]
2026/07/21 18:06:42 FOR [fable.quintanilla@example.edu]
2026/07/21 18:06:42 EIP [oakley.hawthorne@example.edu jules.zamora@example.edu rory.nakamura@example.edu]
2026/07/21 18:06:42 EIP [rory.nakamura@example.edu oakley.hawthorne@example.edu jules.zamora@example.edu]
2026/07/21 18:06:42 BOR [cody.quintero@example.edu nox.rutherford@example.edu]
2026/07/21 18:06:42 EFB [hollis.kirkpatrick@example.edu opal.thackery@example.edu rune.hemsworth@example.edu]
2026/07/21 18:06:42 ESB [caelan.novak@example.edu remy.hemsworth@example.edu]
2026/07/21 18:06:42 ESB [remy.hemsworth@example.edu caelan.novak@example.edu]
2026/07/21 18:06:42 BOR [denver.chandler@example.edu]
2026/07/21 18:06:42 IMCP [casey.quintanilla@example.edu]
2026/07/21 18:06:42 IMCP [vera.jessup@example.edu]
2026/07/21 18:06:42 ESB [linden.larkspur@example.edu denver.danforth@example.edu rory.zaragoza@example.edu]
2026/07/21 18:06:42 EFB [rune.hemsworth@example.edu opal.thackery@example.edu hollis.kirkpatrick@example.edu]
2026/07/21 18:06:42 EIB [winter.selwyn@example.edu]
2026/07/21 18:06:42 HTOR [nova.halloway@example.edu reagan.fairbanks@example.edu ember.upshaw@example.edu]
2026/07/21 18:06:42 HTOR [ember.upshaw@example.edu reagan.fairbanks@example.edu nova.halloway@example.edu]
2026/07/21 18:06:42 EFB [cameron.fitzgerald@example.edu hollis.tanaka@example.edu]
2026/07/21 18:06:42 IBP [ollie.ulster@example.edu]
2026/07/21 18:06:42 SEOR [avery.lockwood@example.edu yara.rutherford@example.edu adrian.ibsen@example.edu]
2026/07/21 18:06:42 SEOR [adrian.ibsen@example.edu yara.rutherford@example.edu avery.lockwood@example.edu]
2026/07/21 18:06:42 HTPS [jamie.alderton@example.edu]
2026/07/21 18:06:42 SEOR [yara.rutherford@example.edu adrian.ibsen@example.edu avery.lockwood@example.edu]
2026/07/21 18:06:42 IMCE [dov.northcott@example.edu thea.tilden@example.edu]
2026/07/21 18:06:42 HTPS [odin.wexford@example.edu]
2026/07/21 18:06:42 FCE [lior.wrenfield@example.edu]
2026/07/21 18:06:42 SEOR [noel.thornbury@example.edu river.lemoine@example.edu sable.stroud@example.edu]
2026/07/21 18:06:42 HTPS [opal.vasquez@example.edu]
2026/07/21 18:06:42 BOR [lumen.brightwater@example.edu wynn.ellingham@example.edu keaton.oakhurst@example.edu]
2026/07/21 18:06:42 BMOR [cyan.ashby@example.edu dune.vandergrift@example.edu]
2026/07/21 18:06:42 RFSM [briar.zaragoza@example.edu]
2026/07/21 18:06:42 PHT [kit.bracken@example.edu]
2026/07/21 18:06:42 PFL [hollis.edgerton@example.edu]
2026/07/21 18:06:42 PEN [caelan.ibsen@example.edu]
2026/07/21 18:06:42 PEN [wesley.edgerton@example.edu]
2026/07/21 18:06:42 PMK [devon.bellweather@example.edu]
2026/07/21 18:06:42 PEN [esme.wexford@example.edu]
2026/07/21 18:06:42 STDM [ford.merriweather@example.edu skyler.edgerton@example.edu]
2026/07/21 18:06:42 PBM [lane.galloway@example.edu]
2026/07/21 18:06:42 QSRM [wesley.zeller@example.edu]
2026/07/21 18:06:42 PHT [arden.vandermeer@example.edu]
2026/07/21 18:06:42 PFN [dakota.bellweather@example.edu]
2026/07/21 18:06:42 PMK [tobin.rothwell@example.edu]
2026/07/21 18:06:42 PHT [blake.lindqvist@example.edu]
2026/07/21 18:06:42 PHT [kit.dorsey@example.edu]
2026/07/21 18:06:42 PHT [alex.underwood@example.edu]
2026/07/21 18:06:42 PFN [dov.ivanov@example.edu]
2026/07/21 18:06:42 MCS [palmer.zimmerman@example.edu]
2026/07/21 18:06:42 PMK [bodhi.pruitt@example.edu]
2026/07/21 18:06:42 BLTDM [thea.selwyn@example.edu hale.granger@example.edu]
2026/07/21 18:06:42 BLTDM [hale.granger@example.edu thea.selwyn@example.edu]
2026/07/21 18:06:42 STDM [skyler.edgerton@example.edu ford.merriweather@example.edu]
2026/07/21 18:06:42 RFSM [delaney.ostrander@example.edu]
2026/07/21 18:06:42 PFN [zephyr.kowalski@example.edu]
2026/07/21 18:06:42 MTDM [iris.nesbitt@example.edu yara.rutherford@example.edu]
2026/07/21 18:06:42 PMK [amari.zamora@example.edu]
2026/07/21 18:06:42 PFN [logan.quarles@example.edu]
2026/07/21 18:06:42 HTDM [hollis.tanaka@example.edu yara.ellery@example.edu]
2026/07/21 18:06:42 PEN [neve.castellano@example.edu]
2026/07/21 18:06:42 HLM [fable.wrenfield@example.edu]
2026/07/21 18:06:42 AAM [emerson.vandergrift@example.edu]
2026/07/21 18:06:42 PHT [casey.lindqvist@example.edu]
2026/07/21 18:06:42 PHT [orion.whitfield@example.edu]
2026/07/21 18:06:42 PHT [harper.underwood@example.edu]
2026/07/21 18:06:42 PMK [poe.doyle@example.edu]
2026/07/21 18:06:42 PEN [tanner.thackery@example.edu]
2026/07/21 18:06:42 PBM [lior.selwyn@example.edu]
2026/07/21 18:06:42 PBM [brix.nesbitt@example.edu]
2026/07/21 18:06:42 PFN [wesley.ellery@example.edu]
2026/07/21 18:06:42 PBM [thea.tilden@example.edu]
2026/07/21 18:06:42 HTDM [yara.ellery@example.edu hollis.tanaka@example.edu]
2026/07/21 18:06:42 PEN [fern.grimsby@example.edu]
2026/07/21 18:06:42 ENT [fable.pickering@example.edu]
2026/07/21 18:06:42 RFSM [parker.westbrook@example.edu]
2026/07/21 18:06:42 PFN [cameron.ivanov@example.edu]
2026/07/21 18:06:42 HRM [bodhi.ellingham@example.edu]
2026/07/21 18:06:42 PBM [oakley.langford@example.edu]
2026/07/21 18:06:42 SEM [nico.dunmore@example.edu]
2026/07/21 18:06:42 PEN [haven.pickering@example.edu]
2026/07/21 18:06:42 PHT [quill.caldwell@example.edu]
2026/07/21 18:06:42 PEN [ollie.ito@example.edu]
2026/07/21 18:06:42 PHT [cass.dorsey@example.edu]
2026/07/21 18:06:42 PFN [onyx.lockwood@example.edu]
2026/07/21 18:06:42 PEN [eden.wilcox@example.edu]
2026/07/21 18:06:42 TTDM [gale.grimsby@example.edu river.lemoine@example.edu]
2026/07/21 18:06:42 PBM [indigo.follett@example.edu]
2026/07/21 18:06:42 PMK [cass.novak@example.edu]
2026/07/21 18:06:42 RMS [tatum.quillon@example.edu]
2026/07/21 18:06:42 PMK [hana.zamora@example.edu]
2026/07/21 18:06:42 PEN [hale.gilchrist@example.edu]
2026/07/21 18:06:42 BTDM [lumen.tremaine@example.edu nell.marbury@example.edu]
2026/07/21 18:06:42 AAM [shiloh.nakamura@example.edu]
2026/07/21 18:06:42 PEN [parker.vasquez@example.edu]
2026/07/21 18:06:42 PMK [vale.sandoval@example.edu]
2026/07/21 18:06:42 PHT [greer.vandermeer@example.edu]
2026/07/21 18:06:42 PBM [emerson.pruitt@example.edu]
2026/07/21 18:06:42 RFSM [wynn.wrenfield@example.edu]
2026/07/21 18:06:42 PEN [iris.ivanov@example.edu]
2026/07/21 18:06:42 PBM [vin.fitzgerald@example.edu]
2026/07/21 18:06:42 PBM [nox.cranfield@example.edu]
2026/07/21 18:06:42 MCS [gio.ivanov@example.edu]
2026/07/21 18:06:42 PEN [vin.underwood@example.edu]
2026/07/21 18:06:42 PFN [jules.zamora@example.edu]
2026/07/21 18:06:42 PBM [zara.nesbitt@example.edu]
2026/07/21 18:06:42 PEN [bellamy.ashby@example.edu]
2026/07/21 18:06:42 PMK [kai.nesbitt@example.edu]
2026/07/21 18:06:42 PMK [haven.bellweather@example.edu]
2026/07/21 18:06:42 ENT [zara.quimby@example.edu]
2026/07/21 18:06:42 TTDM [river.lemoine@example.edu gale.grimsby@example.edu]
2026/07/21 18:06:42 PMK [fern.abbott@example.edu]
2026/07/21 18:06:42 PHT [ford.kingsley@example.edu]
2026/07/21 18:06:42 PHT [gio.dorsey@example.edu]
2026/07/21 18:06:42 PEN [adrian.ellingham@example.edu]
2026/07/21 18:06:42 PMK [remy.ormsby@example.edu]
2026/07/21 18:06:42 PEN [sol.ingram@example.edu]
2026/07/21 18:06:42 PFN [skyler.gilchrist@example.edu]
2026/07/21 18:06:42 PBM [nox.rutherford@example.edu]
2026/07/21 18:06:42 PFN [umi.mortimer@example.edu]
2026/07/21 18:06:42 PHT [zion.somerset@example.edu]
2026/07/21 18:06:42 PEN [opal.thackery@example.edu]
2026/07/21 18:06:42 BTDM [nell.marbury@example.edu lumen.tremaine@example.edu]
2026/07/21 18:06:42 PEN [rory.zaragoza@example.edu]
2026/07/21 18:06:42 PEN [kai.umberto@example.edu]
2026/07/21 18:06:42 PFN [sasha.thackery@example.edu]
2026/07/21 18:06:42 HRM [gio.stroud@example.edu]
2026/07/21 18:06:42 HRM [onyx.gilchrist@example.edu]
2026/07/21 18:06:42 MTDM [rory.zimmerman@example.edu ollie.ulster@example.edu]
2026/07/21 18:06:42 PBM [quinn.prescott@example.edu]
2026/07/21 18:06:42 BTDM [river.cranfield@example.edu umi.grimsby@example.edu]
2026/07/21 18:06:42 BTDM [umi.grimsby@example.edu river.cranfield@example.edu]
2026/07/21 18:06:42 PFN [remy.fitzgerald@example.edu]
2026/07/21 18:06:42 PHT [rune.hollingsworth@example.edu]
2026/07/21 18:06:42 PHT [opal.granger@example.edu]
2026/07/21 18:06:42 PMK [maren.hemsworth@example.edu]
2026/07/21 18:06:42 HRM [sable.stroud@example.edu]
2026/07/21 18:06:42 STDM [shiloh.ellingham@example.edu shiloh.quarles@example.edu]
2026/07/21 18:06:42 PFL [jesse.castellano@example.edu]
2026/07/21 18:06:42 PEN [denver.danforth@example.edu]
2026/07/21 18:06:42 PEN [denver.jorgensen@example.edu]
2026/07/21 18:06:42 PMK [echo.harrowgate@example.edu]
2026/07/21 18:06:42 AAM [tatum.bracken@example.edu]
2026/07/21 18:06:42 MCS [fable.quintanilla@example.edu]
2026/07/21 18:06:42 PEN [oakley.hawthorne@example.edu]
2026/07/21 18:06:42 PFN [rory.nakamura@example.edu]
2026/07/21 18:06:42 PBM [cody.quintero@example.edu]
2026/07/21 18:06:42 PHT [hollis.kirkpatrick@example.edu]
2026/07/21 18:06:42 PMK [caelan.novak@example.edu]
2026/07/21 18:06:42 PMK [remy.hemsworth@example.edu]
2026/07/21 18:06:42 PFN [denver.chandler@example.edu]
2026/07/21 18:06:42 PMK [casey.quintanilla@example.edu]
2026/07/21 18:06:42 PMK [vera.jessup@example.edu]
2026/07/21 18:06:42 PEN [linden.larkspur@example.edu]
2026/07/21 18:06:42 PEN [rune.hemsworth@example.edu]
2026/07/21 18:06:42 RFSM [winter.selwyn@example.edu]
2026/07/21 18:06:42 FMS [nova.halloway@example.edu]
2026/07/21 18:06:42 RFSM [ember.upshaw@example.edu]
2026/07/21 18:06:42 ENT [cameron.fitzgerald@example.edu]
2026/07/21 18:06:42 MTDM [ollie.ulster@example.edu rory.zimmerman@example.edu]
2026/07/21 18:06:42 HRM [avery.lockwood@example.edu]
2026/07/21 18:06:42 ASM [adrian.ibsen@example.edu]
2026/07/21 18:06:42 SEM [jamie.alderton@example.edu]
2026/07/21 18:06:42 MTDM [yara.rutherford@example.edu iris.nesbitt@example.edu]
2026/07/21 18:06:42 HLM [dov.northcott@example.edu]
2026/07/21 18:06:42 QSRM [odin.wexford@example.edu]
2026/07/21 18:06:42 FTDM [lior.wrenfield@example.edu cameron.quimby@example.edu]
2026/07/21 18:06:42 ENT [noel.thornbury@example.edu]
2026/07/21 18:06:42 HLM [opal.vasquez@example.edu]
2026/07/21 18:06:42 FMS [lumen.brightwater@example.edu]
2026/07/21 18:06:42 TTDM [cyan.ashby@example.edu dune.vandergrift@example.edu]
2026/07/21 18:06:42 ================================== Registered judges
2026/07/21 18:06:42 Wynn Quimby [BMOR BOR HTOR SEOR FOR]
2026/07/21 18:06:42 Kai Tilden [BMOR BOR HTOR SEOR FOR]
2026/07/21 18:06:42 Pax Dunmore [BMOR BOR HTOR SEOR FOR]
2026/07/21 18:06:42 Ulla Kilgore [BMOR BOR HTOR SEOR FOR]
2026/07/21 18:06:42 Bodhi Kirkpatrick [BMOR BOR HTOR SEOR FOR]
2026/07/21 18:06:42 Yara Zamora [BMOR BOR HTOR SEOR FOR]
2026/07/21 18:06:42 Umi Quillon [BMOR BOR HTOR SEOR FOR]
2026/07/21 18:06:42 Cody Prescott [ESB EFB EIP IBP EIB EBG]
2026/07/21 18:06:42 Miles Vandermeer [ESB EFB EIP IBP EIB EBG]
2026/07/21 18:06:42 Reagan Brightwater [ESB EFB EIP IBP EIB EBG]
2026/07/21 18:06:42 Mars Yarrow [ESB EFB EIP IBP EIB EBG]
2026/07/21 18:06:42 Zephyr Yarrow [HTDM BLTDM MTDM BTDM FTDM TTDM ETDM STDM]
2026/07/21 18:06:42 Odin Follett [HTDM BLTDM MTDM BTDM FTDM TTDM ETDM STDM]
2026/07/21 18:06:42 Gio Upshaw [HTDM BLTDM MTDM BTDM FTDM TTDM ETDM STDM]
2026/07/21 18:06:42 Sage Ibsen [HTDM BLTDM MTDM BTDM FTDM TTDM ETDM STDM]
2026/07/21 18:06:42 Rowan Hollingsworth [HTPS PSE FCE]
2026/07/21 18:06:42 Kit Lockwood [IMCS IMCE IMCP]
2026/07/21 18:06:42 Nico Barlow [IMCS IMCE IMCP]
2026/07/21 18:06:42 Cody Lindqvist [IMCS IMCE IMCP]
2026/07/21 18:06:42 Bailey Yale [IMCS IMCE IMCP]
2026/07/21 18:06:42 Sawyer Dorsey [IMCS IMCE IMCP]
2026/07/21 18:06:42 Wilder Cranfield [PBM PHT PEN PFN PMK]
2026/07/21 18:06:42 Vesper Ibsen [PBM PHT PEN PFN PMK]
2026/07/21 18:06:42 Quill Larkspur [PBM PHT PEN PFN PMK]
2026/07/21 18:06:42 Cody Lockwood [PBM PHT PEN PFN PMK]
2026/07/21 18:06:42 Odin Nakamura [PBM PHT PEN PFN PMK]
2026/07/21 18:06:42 Tanner Castellano [PBM PHT PEN PFN PMK]
2026/07/21 18:06:42 Nell Kettering [PBM PHT PEN PFN PMK]
2026/07/21 18:06:42 Gale Kilgore [PBM PHT PEN PFN PMK]
2026/07/21 18:06:42 Yuki Ellingham [PBM PHT PEN PFN PMK]
2026/07/21 18:06:42 Hale Merriweather [PBM PHT PEN PFN PMK]
2026/07/21 18:06:42 Grayson Quarles [PBM PHT PEN PFN PMK]
2026/07/21 18:06:42 Nico Wrenfield [PBM PHT PEN PFN PMK]
2026/07/21 18:06:42 Arden Goodwin [PBM PHT PEN PFN PMK]
2026/07/21 18:06:42 Skyler Quillon [PBM PHT PEN PFN PMK]
2026/07/21 18:06:42 Rune Hawthorne [PBM PHT PEN PFN PMK]
2026/07/21 18:06:42 Rune Doyle [PBM PHT PEN PFN PMK]
2026/07/21 18:06:42 Onyx Halloway [RMS SEM AAM ACT HRM PFL MCS BFS RFSM HLM ENT ASM QSRM FMS]
2026/07/21 18:06:42 Wynn Kettering [RMS SEM AAM ACT HRM PFL MCS BFS RFSM HLM ENT ASM QSRM FMS]
2026/07/21 18:06:42 Neve Quillon [RMS SEM AAM ACT HRM PFL MCS BFS RFSM HLM ENT ASM QSRM FMS]
2026/07/21 18:06:42 Haven Dorsey [RMS SEM AAM ACT HRM PFL MCS BFS RFSM HLM ENT ASM QSRM FMS]
2026/07/21 18:06:42 Cove Lockwood [RMS SEM AAM ACT HRM PFL MCS BFS RFSM HLM ENT ASM QSRM FMS]
2026/07/21 18:06:42 Prin Stroud [RMS SEM AAM ACT HRM PFL MCS BFS RFSM HLM ENT ASM QSRM FMS]
2026/07/21 18:06:42 ================================== Registered rooms
2026/07/21 18:06:42 C410 5
2026/07/21 18:06:42 C415 5
2026/07/21 18:06:42 C307 5
2026/07/21 18:06:42 C309 5
2026/07/21 18:06:42 Conservatory Hall 16
2026/07/21 18:06:42 C413 5
2026/07/21 18:06:42 C408 5
2026/07/21 18:06:42 TBD 2
2026/07/21 18:06:42 ================================== Registered events
2026/07/21 18:06:42 AAM, ACT, ASM, BFS, BLTDM, BMOR, BOR, BTDM, EBG, EFB, EIB, EIP, ENT, ESB, ETDM, FCE, FOR, FTDM, HLM, HRM, HTDM, HTOR, HTPS, IBP, IMCE, IMCP, IMCS, MCS, MTDM, PBM, PFL, PFN, PHT, PMK, PSE, RFSM, RMS, SEM, SEOR, TTDM, PEN, QSRM, STDM, FMS, PMBS
2026/07/21 18:06:42 ==================================
2026/07/21 18:06:42 [INFO] scheduling with 149 students, 278 requests, and 43 judges
2026/07/21 18:06:42 [INFO] duplicate student requests ("BMOR" - [Kit Bracken, Caelan Ibsen, Fern Abbott]) skipping...
2026/07/21 18:06:42 [INFO] duplicate student requests ("ESB" - [Devon Bellweather, Esme Wexford]) skipping...
2026/07/21 18:06:42 [INFO] duplicate student requests ("EIB" - [Hollis Edgerton, Zara Nesbitt, Lane Galloway]) skipping...
2026/07/21 18:06:42 [INFO] duplicate student requests ("IMCP" - [Arden Vandermeer, Alex Underwood, Kit Dorsey]) skipping...
2026/07/21 18:06:42 [INFO] duplicate student requests ("IMCP" - [Arden Vandermeer, Alex Underwood, Kit Dorsey]) skipping...
2026/07/21 18:06:42 [INFO] duplicate student requests ("IBP" - [Wesley Edgerton, Palmer Zimmerman]) skipping...
2026/07/21 18:06:42 [INFO] duplicate student requests ("ESB" - [Thea Selwyn, Hale Granger]) skipping...
2026/07/21 18:06:42 [INFO] duplicate student requests ("EFB" - [Dov Ivanov, Zephyr Kowalski]) skipping...
2026/07/21 18:06:42 [INFO] duplicate student requests ("IBP" - [Logan Quarles, Tanner Thackery, Neve Castellano]) skipping...
2026/07/21 18:06:42 [INFO] duplicate student requests ("ESB" - [Casey Lindqvist, Orion Whitfield]) skipping...
2026/07/21 18:06:42 [INFO] duplicate student requests ("IBP" - [Logan Quarles, Tanner Thackery, Neve Castellano]) skipping...
2026/07/21 18:06:42 [INFO] duplicate student requests ("BMOR" - [Poe Doyle, Haven Pickering, Wesley Ellery]) skipping...
2026/07/21 18:06:42 [INFO] duplicate student requests ("ESB" - [Lior Selwyn, Yara Ellery]) skipping...
2026/07/21 18:06:42 [INFO] duplicate student requests ("SEOR" - [Amari Zamora, Fern Grimsby]) skipping...
2026/07/21 18:06:42 [INFO] duplicate student requests ("BOR" - [Briar Zaragoza, Fable Pickering]) skipping...
2026/07/21 18:06:42 [INFO] duplicate student requests ("BMOR" - [Poe Doyle, Haven Pickering, Wesley Ellery]) skipping...
2026/07/21 18:06:42 [INFO] duplicate student requests ("BOR" - [Brix Nesbitt, Cass Dorsey]) skipping...
2026/07/21 18:06:42 [INFO] duplicate student requests ("BOR" - [Cameron Ivanov, Onyx Lockwood]) skipping...
2026/07/21 18:06:42 [INFO] duplicate student requests ("EIP" - [Eden Wilcox, Hale Gilchrist, Vale Sandoval]) skipping...
2026/07/21 18:06:42 [INFO] duplicate student requests ("BMOR" - [Shiloh Nakamura, Parker Vasquez]) skipping...
2026/07/21 18:06:42 [INFO] duplicate student requests ("EIP" - [Eden Wilcox, Hale Gilchrist, Vale Sandoval]) skipping...
2026/07/21 18:06:42 [INFO] duplicate student requests ("EIB" - [Parker Westbrook, Wynn Wrenfield]) skipping...
2026/07/21 18:06:42 [INFO] duplicate student requests ("BMOR" - [Indigo Follett, Vin Fitzgerald]) skipping...
2026/07/21 18:06:42 [INFO] duplicate student requests ("IMCS" - [Iris Ivanov, Gio Ivanov]) skipping...
2026/07/21 18:06:42 [INFO] duplicate student requests ("EIB" - [Hollis Edgerton, Zara Nesbitt, Lane Galloway]) skipping...
2026/07/21 18:06:42 [INFO] duplicate student requests ("IMCS" - [Emerson Pruitt, Remy Ormsby, Haven Bellweather]) skipping...
2026/07/21 18:06:42 [INFO] duplicate student requests ("BMOR" - [Kit Bracken, Caelan Ibsen, Fern Abbott]) skipping...
2026/07/21 18:06:42 [INFO] duplicate student requests ("ESB" - [Zara Quimby, Adrian Ellingham]) skipping...
2026/07/21 18:06:42 [INFO] duplicate student requests ("IMCS" - [Emerson Pruitt, Remy Ormsby, Haven Bellweather]) skipping...
2026/07/21 18:06:42 [INFO] duplicate student requests ("BOR" - [Greer Vandermeer, Sol Ingram, Sasha Thackery]) skipping...
2026/07/21 18:06:42 [INFO] duplicate student requests ("IMCP" - [Kai Nesbitt, Skyler Gilchrist]) skipping...
2026/07/21 18:06:42 [INFO] duplicate student requests ("BOR" - [Bellamy Ashby, Umi Mortimer]) skipping...
2026/07/21 18:06:42 [INFO] duplicate student requests ("HTOR" - [Gio Dorsey, Zion Somerset]) skipping...
2026/07/21 18:06:42 [INFO] duplicate student requests ("HTOR" - [Lumen Tremaine, Nell Marbury]) skipping...
2026/07/21 18:06:42 [INFO] duplicate student requests ("BOR" - [Greer Vandermeer, Sol Ingram, Sasha Thackery]) skipping...
2026/07/21 18:06:42 [INFO] duplicate student requests ("IMCS" - [River Cranfield, Umi Grimsby]) skipping...
2026/07/21 18:06:42 [INFO] duplicate student requests ("BMOR" - [Blake Lindqvist, Opal Granger]) skipping...
2026/07/21 18:06:42 [INFO] duplicate student requests ("EFB" - [Ford Kingsley, Maren Hemsworth]) skipping...
2026/07/21 18:06:42 [INFO] duplicate student requests ("SEOR" - [River Lemoine, Noel Thornbury, Sable Stroud]) skipping...
2026/07/21 18:06:42 [INFO] duplicate student requests ("ESB" - [Rory Zaragoza, Denver Danforth, Linden Larkspur]) skipping...
2026/07/21 18:06:42 [INFO] duplicate student requests ("IMCS" - [Rune Hollingsworth, Tatum Bracken]) skipping...
2026/07/21 18:06:42 [INFO] duplicate student requests ("EIP" - [Jules Zamora, Oakley Hawthorne, Rory Nakamura]) skipping...
2026/07/21 18:06:42 [INFO] duplicate student requests ("EIP" - [Jules Zamora, Oakley Hawthorne, Rory Nakamura]) skipping...
2026/07/21 18:06:42 [INFO] duplicate student requests ("BOR" - [Nox Rutherford, Cody Quintero]) skipping...
2026/07/21 18:06:42 [INFO] duplicate student requests ("EFB" - [Opal Thackery, Rune Hemsworth, Hollis Kirkpatrick]) skipping...
2026/07/21 18:06:42 [INFO] duplicate student requests ("ESB" - [Caelan Novak, Remy Hemsworth]) skipping...
2026/07/21 18:06:42 [INFO] duplicate student requests ("ESB" - [Rory Zaragoza, Denver Danforth, Linden Larkspur]) skipping...
2026/07/21 18:06:42 [INFO] duplicate student requests ("EFB" - [Opal Thackery, Rune Hemsworth, Hollis Kirkpatrick]) skipping...
2026/07/21 18:06:42 [INFO] duplicate student requests ("HTOR" - [Nova Halloway, Reagan Fairbanks, Ember Upshaw]) skipping...
2026/07/21 18:06:42 [INFO] duplicate student requests ("EFB" - [Hollis Tanaka, Cameron Fitzgerald]) skipping...
2026/07/21 18:06:42 [INFO] duplicate student requests ("SEOR" - [Avery Lockwood, Yara Rutherford, Adrian Ibsen]) skipping...
2026/07/21 18:06:42 [INFO] duplicate student requests ("SEOR" - [Avery Lockwood, Yara Rutherford, Adrian Ibsen]) skipping...
2026/07/21 18:06:42 [INFO] duplicate student requests ("IMCE" - [Thea Tilden, Dov Northcott]) skipping...
2026/07/21 18:06:42 [INFO] duplicate student requests ("SEOR" - [River Lemoine, Noel Thornbury, Sable Stroud]) skipping...
2026/07/21 18:06:42 [INFO] duplicate student requests ("BLTDM" - [Thea Selwyn, Hale Granger]) skipping...
2026/07/21 18:06:42 [INFO] duplicate student requests ("STDM" - [Ford Merriweather, Skyler Edgerton]) skipping...
2026/07/21 18:06:42 [INFO] duplicate student requests ("HTDM" - [Hollis Tanaka, Yara Ellery]) skipping...
2026/07/21 18:06:42 [INFO] duplicate student requests ("TTDM" - [Gale Grimsby, River Lemoine]) skipping...
2026/07/21 18:06:42 [INFO] duplicate student requests ("BTDM" - [Lumen Tremaine, Nell Marbury]) skipping...
2026/07/21 18:06:42 [INFO] duplicate student requests ("BTDM" - [River Cranfield, Umi Grimsby]) skipping...
2026/07/21 18:06:42 [INFO] duplicate student requests ("MTDM" - [Rory Zimmerman, Ollie Ulster]) skipping...
2026/07/21 18:06:42 [INFO] duplicate student requests ("MTDM" - [Iris Nesbitt, Yara Rutherford]) skipping...
2026/07/21 18:06:42 [WARN] no judge for "PMBS" was free, assigning [Ford Merriweather, Cameron Quimby] to judge Rowan Hollingsworth who does not list it
2026/07/21 18:06:42 [WARN] no judge for "EIP" was free, assigning [Harper Underwood] to judge Rowan Hollingsworth who does not list it
2026/07/21 18:06:42 [WARN] no judge for "PSE" was free, assigning [Bodhi Ellingham] to judge Cody Lindqvist who does not list it
2026/07/21 18:06:42 [WARN] no judge for "EIP" was free, assigning [Nico Dunmore] to judge Cody Lindqvist who does not list it
2026/07/21 18:06:42 [WARN] no judge for "PSE" was free, assigning [Gale Grimsby] to judge Cody Lindqvist who does not list it
2026/07/21 18:06:42 [WARN] no judge for "IBP" was free, assigning [Tatum Quillon] to judge Bailey Yale who does not list it
2026/07/21 18:06:42 [WARN] no judge for "EIP" was free, assigning [Kai Umberto] to judge Bailey Yale who does not list it
2026/07/21 18:06:42 [WARN] no judge for "EIP" was free, assigning [Gio Stroud] to judge Bailey Yale who does not list it
2026/07/21 18:06:42 [WARN] no judge for "PSE" was free, assigning [Rory Zimmerman] to judge Bailey Yale who does not list it
2026/07/21 18:06:42 [WARN] no judge for "FCE" was free, assigning [Jesse Castellano] to judge Sawyer Dorsey who does not list it
2026/07/21 18:06:42 [WARN] no judge for "ESB" was free, assigning [Denver Jorgensen] to judge Sawyer Dorsey who does not list it
2026/07/21 18:06:42 [WARN] no judge for "EIB" was free, assigning [Winter Selwyn] to judge Sawyer Dorsey who does not list it
2026/07/21 18:06:42 [WARN] no judge for "IBP" was free, assigning [Ollie Ulster] to judge Yara Zamora who does not list it
2026/07/21 18:06:42 [WARN] no judge for "HTPS" was free, assigning [Jamie Alderton] to judge Umi Quillon who does not list it
2026/07/21 18:06:42 [WARN] no judge for "HTPS" was free, assigning [Odin Wexford] to judge Umi Quillon who does not list it
2026/07/21 18:06:42 [WARN] no judge for "FCE" was free, assigning [Lior Wrenfield] to judge Umi Quillon who does not list it
2026/07/21 18:06:42 [WARN] no judge for "HTPS" was free, assigning [Opal Vasquez] to judge Umi Quillon who does not list it
2026/07/21 18:06:42 [WARN] no judge for "PMK" was free, assigning [Remy Hemsworth] to judge Gio Upshaw who does not list it
2026/07/21 18:06:42 [WARN] no judge for "PFN" was free, assigning [Denver Chandler] to judge Gio Upshaw who does not list it
2026/07/21 18:06:42 [WARN] no judge for "PMK" was free, assigning [Vera Jessup] to judge Sage Ibsen who does not list it
2026/07/21 18:06:42 [WARN] no judge for "PEN" was free, assigning [Linden Larkspur] to judge Gio Upshaw who does not list it
2026/07/21 18:06:42 [WARN] no judge for "QSRM" was free, assigning [Odin Wexford] to judge Gio Upshaw who does not list it
2026/07/21 18:06:42 [WARN] no judge for "ENT" was free, assigning [Noel Thornbury] to judge Sage Ibsen who does not list it
2026/07/21 18:06:42 [WARN] no judge for "HLM" was free, assigning [Opal Vasquez] to judge Sage Ibsen who does not list it
2026/07/21 18:06:42 [WARN] no judge for "FMS" was free, assigning [Lumen Brightwater] to judge Sage Ibsen who does not list it
2026/07/21 18:06:42 [WARN] there are 4 leftover student requests that could not be assigned without conflicts
2026/07/21 18:06:42 "IBP" [Vin Underwood, Tanner Thackery, Neve Castellano] - no legal timeslot: the group's other events block every slot
2026/07/21 18:06:42 "HTDM" [Hollis Tanaka, Yara Ellery] - no legal timeslot: the group's other events block every slot
2026/07/21 18:06:42 "PEN" [Neve Castellano] - no legal timeslot: the group's other events block every slot
2026/07/21 18:06:42 "PEN" [Tanner Thackery] - no legal timeslot: the group's other events block every slot
2026/07/21 18:06:42 [WARN] 0% of leftover requests are due to having no judges able to judge []
